  正在验证源
  正在将源远程复制到“192.168.159.130”
  正在验证体系结构
  正在验证体系结构
  正在启动远程生成
  正在编译源:
  Server.c
C:\Users\Lin\Desktop\High_concurrency_server_based_on_multiple_reactors\Code\SimpleHttp\SimpleHttp\Server.c(218,19): warning : conversion to ‘int’ from ‘ssize_t {aka long int}’ may alter its value [-Wconversion]
C:\Users\Lin\Desktop\High_concurrency_server_based_on_multiple_reactors\Code\SimpleHttp\SimpleHttp\Server.c(218,19): warning :      while ((len = recv(info->fd, tmp, sizeof tmp, 0)) > 0)
C:\Users\Lin\Desktop\High_concurrency_server_based_on_multiple_reactors\Code\SimpleHttp\SimpleHttp\Server.c(218,19): warning :                    ^~~~
C:\Users\Lin\Desktop\High_concurrency_server_based_on_multiple_reactors\Code\SimpleHttp\SimpleHttp\Server.c(224,38): warning : conversion to ‘size_t {aka long unsigned int}’ from ‘int’ may change the sign of the result [-Wsign-conversion]
C:\Users\Lin\Desktop\High_concurrency_server_based_on_multiple_reactors\Code\SimpleHttp\SimpleHttp\Server.c(224,38): warning :              memcpy(buf + total, tmp, len);  // 把tmp的数据拷贝到buf内，注意要更新新拷贝的起点
C:\Users\Lin\Desktop\High_concurrency_server_based_on_multiple_reactors\Code\SimpleHttp\SimpleHttp\Server.c(224,38): warning :                                       ^~~
C:\Users\Lin\Desktop\High_concurrency_server_based_on_multiple_reactors\Code\SimpleHttp\SimpleHttp\Server.c(234,22): warning : conversion to ‘int’ from ‘long int’ may alter its value [-Wconversion]
C:\Users\Lin\Desktop\High_concurrency_server_based_on_multiple_reactors\Code\SimpleHttp\SimpleHttp\Server.c(234,22): warning :          int reqLen = pt - buf;  // 获取请求行的长度（结束地址-起始地址）
C:\Users\Lin\Desktop\High_concurrency_server_based_on_multiple_reactors\Code\SimpleHttp\SimpleHttp\Server.c(234,22): warning :                       ^~
C:\Users\Lin\Desktop\High_concurrency_server_based_on_multiple_reactors\Code\SimpleHttp\SimpleHttp\Server.c(348,56): warning : conversion to ‘int’ from ‘__off_t {aka long int}’ may alter its value [-Wconversion]
C:\Users\Lin\Desktop\High_concurrency_server_based_on_multiple_reactors\Code\SimpleHttp\SimpleHttp\Server.c(348,56): warning :          sendHeadMsg(cfd, 200, "OK", getFileType(file), st.st_size);
C:\Users\Lin\Desktop\High_concurrency_server_based_on_multiple_reactors\Code\SimpleHttp\SimpleHttp\Server.c(348,56): warning :                                                         ^~
C:\Users\Lin\Desktop\High_concurrency_server_based_on_multiple_reactors\Code\SimpleHttp\SimpleHttp\Server.c(503,16): warning : conversion to ‘int’ from ‘__off_t {aka long int}’ may alter its value [-Wconversion]
C:\Users\Lin\Desktop\High_concurrency_server_based_on_multiple_reactors\Code\SimpleHttp\SimpleHttp\Server.c(503,16): warning :      int size = lseek(fd, 0, SEEK_END); // 到尾部去了，这样的话直接读数据会读出空数据
C:\Users\Lin\Desktop\High_concurrency_server_based_on_multiple_reactors\Code\SimpleHttp\SimpleHttp\Server.c(503,16): warning :                 ^~~~~
C:\Users\Lin\Desktop\High_concurrency_server_based_on_multiple_reactors\Code\SimpleHttp\SimpleHttp\Server.c(510,46): warning : conversion to ‘size_t {aka long unsigned int}’ from ‘off_t {aka long int}’ may change the sign of the result [-Wsign-conversion]
C:\Users\Lin\Desktop\High_concurrency_server_based_on_multiple_reactors\Code\SimpleHttp\SimpleHttp\Server.c(510,46): warning :          int ret = sendfile(cfd, fd, &offset, size - offset); // #include <sys/sendfile.h>
C:\Users\Lin\Desktop\High_concurrency_server_based_on_multiple_reactors\Code\SimpleHttp\SimpleHttp\Server.c(510,46): warning :                                               ^~~~
C:\Users\Lin\Desktop\High_concurrency_server_based_on_multiple_reactors\Code\SimpleHttp\SimpleHttp\Server.c(510,19): warning : conversion to ‘int’ from ‘ssize_t {aka long int}’ may alter its value [-Wconversion]
C:\Users\Lin\Desktop\High_concurrency_server_based_on_multiple_reactors\Code\SimpleHttp\SimpleHttp\Server.c(510,19): warning :          int ret = sendfile(cfd, fd, &offset, size - offset); // #include <sys/sendfile.h>
C:\Users\Lin\Desktop\High_concurrency_server_based_on_multiple_reactors\Code\SimpleHttp\SimpleHttp\Server.c(510,19): warning :                    ^~~~~~~~
C:\Users\Lin\Desktop\High_concurrency_server_based_on_multiple_reactors\Code\SimpleHttp\SimpleHttp\Server.c(567,19): warning : conversion to ‘char’ from ‘int’ may alter its value [-Wconversion]
C:\Users\Lin\Desktop\High_concurrency_server_based_on_multiple_reactors\Code\SimpleHttp\SimpleHttp\Server.c(567,19): warning :              *to = hexToDec(from[1]) * 16 + hexToDec(from[2]);
C:\Users\Lin\Desktop\High_concurrency_server_based_on_multiple_reactors\Code\SimpleHttp\SimpleHttp\Server.c(567,19): warning :                    ^~~~~~~~
  正在链接对象
  SimpleHttp.vcxproj -> C:\Users\Lin\Desktop\High_concurrency_server_based_on_multiple_reactors\Code\SimpleHttp\SimpleHttp\bin\x64\Debug\SimpleHttp.out
